{"D:\\VRF\\Documents\\File Kampus\\PROJEK AKHIR\\WEB\\1\\BE\\app\\index.js": {"path":"D:\\VRF\\Documents\\File Kampus\\PROJEK AKHIR\\WEB\\1\\BE\\app\\index.js","statementMap":{"0":{"start":{"line":6,"column":16},"end":{"line":6,"column":34}},"1":{"start":{"line":7,"column":15},"end":{"line":7,"column":32}},"2":{"start":{"line":8,"column":15},"end":{"line":8,"column":42}},"3":{"start":{"line":9,"column":13},"end":{"line":9,"column":28}},"4":{"start":{"line":11,"column":12},"end":{"line":11,"column":21}},"5":{"start":{"line":13,"column":0},"end":{"line":13,"column":16}},"6":{"start":{"line":16,"column":0},"end":{"line":16,"column":23}},"7":{"start":{"line":19,"column":0},"end":{"line":19,"column":24}},"8":{"start":{"line":22,"column":0},"end":{"line":22,"column":16}},"9":{"start":{"line":24,"column":0},"end":{"line":24,"column":21}}},"fnMap":{},"branchMap":{},"s":{"0":7,"1":7,"2":7,"3":7,"4":7,"5":7,"6":7,"7":7,"8":7,"9":7},"f":{},"b":{},"_coverageSchema":"1a1c01bbd47fc00a2c39e90264f33305004495a9","hash":"cde8da13e3773c37ab3b569e90628e6e589136af"}
,"D:\\VRF\\Documents\\File Kampus\\PROJEK AKHIR\\WEB\\1\\BE\\app\\controllers\\index.js": {"path":"D:\\VRF\\Documents\\File Kampus\\PROJEK AKHIR\\WEB\\1\\BE\\app\\controllers\\index.js","statementMap":{"0":{"start":{"line":6,"column":12},"end":{"line":6,"column":28}},"1":{"start":{"line":8,"column":0},"end":{"line":10,"column":2}}},"fnMap":{},"branchMap":{},"s":{"0":7,"1":7},"f":{},"b":{},"_coverageSchema":"1a1c01bbd47fc00a2c39e90264f33305004495a9","hash":"e84180aa486af8b9e124d4f56e359d23e078b494"}
,"D:\\VRF\\Documents\\File Kampus\\PROJEK AKHIR\\WEB\\1\\BE\\app\\controllers\\api\\index.js": {"path":"D:\\VRF\\Documents\\File Kampus\\PROJEK AKHIR\\WEB\\1\\BE\\app\\controllers\\api\\index.js","statementMap":{"0":{"start":{"line":6,"column":13},"end":{"line":6,"column":30}},"1":{"start":{"line":7,"column":11},"end":{"line":7,"column":26}},"2":{"start":{"line":9,"column":0},"end":{"line":12,"column":2}}},"fnMap":{},"branchMap":{},"s":{"0":7,"1":7,"2":7},"f":{},"b":{},"_coverageSchema":"1a1c01bbd47fc00a2c39e90264f33305004495a9","hash":"f5c824ea8ed9869f3c3a0304d8302af125a3bf12"}
,"D:\\VRF\\Documents\\File Kampus\\PROJEK AKHIR\\WEB\\1\\BE\\app\\controllers\\api\\main.js": {"path":"D:\\VRF\\Documents\\File Kampus\\PROJEK AKHIR\\WEB\\1\\BE\\app\\controllers\\api\\main.js","statementMap":{"0":{"start":{"line":6,"column":0},"end":{"line":23,"column":2}},"1":{"start":{"line":8,"column":4},"end":{"line":11,"column":7}},"2":{"start":{"line":15,"column":4},"end":{"line":21,"column":7}}},"fnMap":{"0":{"name":"(anonymous_0)","decl":{"start":{"line":7,"column":2},"end":{"line":7,"column":3}},"loc":{"start":{"line":7,"column":19},"end":{"line":12,"column":3}},"line":7},"1":{"name":"(anonymous_1)","decl":{"start":{"line":14,"column":2},"end":{"line":14,"column":3}},"loc":{"start":{"line":14,"column":31},"end":{"line":22,"column":3}},"line":14}},"branchMap":{},"s":{"0":7,"1":0,"2":0},"f":{"0":0,"1":0},"b":{},"_coverageSchema":"1a1c01bbd47fc00a2c39e90264f33305004495a9","hash":"c729d846b7aeb4e630b61335b4a32c448d2c6792"}
,"D:\\VRF\\Documents\\File Kampus\\PROJEK AKHIR\\WEB\\1\\BE\\app\\controllers\\api\\v1\\addevController.js": {"path":"D:\\VRF\\Documents\\File Kampus\\PROJEK AKHIR\\WEB\\1\\BE\\app\\controllers\\api\\v1\\addevController.js","statementMap":{"0":{"start":{"line":1,"column":26},"end":{"line":1,"column":52}},"1":{"start":{"line":2,"column":21},"end":{"line":2,"column":62}},"2":{"start":{"line":3,"column":12},"end":{"line":3,"column":35}},"3":{"start":{"line":4,"column":16},"end":{"line":4,"column":53}},"4":{"start":{"line":8,"column":33},"end":{"line":8,"column":41}},"5":{"start":{"line":9,"column":18},"end":{"line":9,"column":46}},"6":{"start":{"line":11,"column":4},"end":{"line":17,"column":5}},"7":{"start":{"line":12,"column":6},"end":{"line":15,"column":9}},"8":{"start":{"line":19,"column":21},"end":{"line":19,"column":69}},"9":{"start":{"line":22,"column":21},"end":{"line":22,"column":58}},"10":{"start":{"line":24,"column":4},"end":{"line":30,"column":5}},"11":{"start":{"line":25,"column":6},"end":{"line":28,"column":9}},"12":{"start":{"line":29,"column":6},"end":{"line":29,"column":13}},"13":{"start":{"line":33,"column":4},"end":{"line":49,"column":9}},"14":{"start":{"line":36,"column":21},"end":{"line":38,"column":10}},"15":{"start":{"line":39,"column":8},"end":{"line":42,"column":11}},"16":{"start":{"line":45,"column":8},"end":{"line":48,"column":11}},"17":{"start":{"line":53,"column":4},"end":{"line":92,"column":5}},"18":{"start":{"line":54,"column":20},"end":{"line":54,"column":48}},"19":{"start":{"line":55,"column":23},"end":{"line":55,"column":40}},"20":{"start":{"line":58,"column":19},"end":{"line":58,"column":56}},"21":{"start":{"line":59,"column":6},"end":{"line":62,"column":7}},"22":{"start":{"line":60,"column":8},"end":{"line":60,"column":79}},"23":{"start":{"line":61,"column":8},"end":{"line":61,"column":15}},"24":{"start":{"line":65,"column":32},"end":{"line":65,"column":84}},"25":{"start":{"line":67,"column":6},"end":{"line":70,"column":7}},"26":{"start":{"line":68,"column":8},"end":{"line":68,"column":82}},"27":{"start":{"line":69,"column":8},"end":{"line":69,"column":15}},"28":{"start":{"line":73,"column":20},"end":{"line":78,"column":8}},"29":{"start":{"line":80,"column":6},"end":{"line":86,"column":9}},"30":{"start":{"line":88,"column":6},"end":{"line":91,"column":9}},"31":{"start":{"line":96,"column":4},"end":{"line":124,"column":5}},"32":{"start":{"line":97,"column":6},"end":{"line":97,"column":38}},"33":{"start":{"line":98,"column":26},"end":{"line":98,"column":51}},"34":{"start":{"line":100,"column":20},"end":{"line":100,"column":51}},"35":{"start":{"line":102,"column":27},"end":{"line":102,"column":68}},"36":{"start":{"line":106,"column":6},"end":{"line":108,"column":8}},"37":{"start":{"line":111,"column":6},"end":{"line":111,"column":32}},"38":{"start":{"line":112,"column":6},"end":{"line":112,"column":12}},"39":{"start":{"line":115,"column":6},"end":{"line":118,"column":7}},"40":{"start":{"line":116,"column":8},"end":{"line":116,"column":77}},"41":{"start":{"line":117,"column":8},"end":{"line":117,"column":14}},"42":{"start":{"line":120,"column":6},"end":{"line":123,"column":8}},"43":{"start":{"line":128,"column":4},"end":{"line":138,"column":5}},"44":{"start":{"line":129,"column":6},"end":{"line":132,"column":8}},"45":{"start":{"line":134,"column":6},"end":{"line":137,"column":9}},"46":{"start":{"line":142,"column":4},"end":{"line":178,"column":5}},"47":{"start":{"line":143,"column":6},"end":{"line":143,"column":48}},"48":{"start":{"line":145,"column":19},"end":{"line":145,"column":38}},"49":{"start":{"line":148,"column":6},"end":{"line":154,"column":7}},"50":{"start":{"line":149,"column":8},"end":{"line":152,"column":10}},"51":{"start":{"line":153,"column":8},"end":{"line":153,"column":15}},"52":{"start":{"line":156,"column":22},"end":{"line":156,"column":52}},"53":{"start":{"line":158,"column":6},"end":{"line":164,"column":7}},"54":{"start":{"line":159,"column":8},"end":{"line":162,"column":10}},"55":{"start":{"line":163,"column":8},"end":{"line":163,"column":15}},"56":{"start":{"line":168,"column":6},"end":{"line":171,"column":8}},"57":{"start":{"line":174,"column":6},"end":{"line":177,"column":8}},"58":{"start":{"line":182,"column":0},"end":{"line":182,"column":33}}},"fnMap":{"0":{"name":"(anonymous_0)","decl":{"start":{"line":7,"column":2},"end":{"line":7,"column":3}},"loc":{"start":{"line":7,"column":34},"end":{"line":50,"column":3}},"line":7},"1":{"name":"(anonymous_1)","decl":{"start":{"line":35,"column":12},"end":{"line":35,"column":13}},"loc":{"start":{"line":35,"column":47},"end":{"line":43,"column":7}},"line":35},"2":{"name":"(anonymous_2)","decl":{"start":{"line":44,"column":13},"end":{"line":44,"column":14}},"loc":{"start":{"line":44,"column":22},"end":{"line":49,"column":7}},"line":44},"3":{"name":"(anonymous_3)","decl":{"start":{"line":52,"column":2},"end":{"line":52,"column":3}},"loc":{"start":{"line":52,"column":31},"end":{"line":93,"column":3}},"line":52},"4":{"name":"(anonymous_4)","decl":{"start":{"line":95,"column":2},"end":{"line":95,"column":3}},"loc":{"start":{"line":95,"column":41},"end":{"line":125,"column":3}},"line":95},"5":{"name":"(anonymous_5)","decl":{"start":{"line":127,"column":2},"end":{"line":127,"column":3}},"loc":{"start":{"line":127,"column":32},"end":{"line":139,"column":3}},"line":127},"6":{"name":"(anonymous_6)","decl":{"start":{"line":141,"column":2},"end":{"line":141,"column":3}},"loc":{"start":{"line":141,"column":36},"end":{"line":179,"column":3}},"line":141}},"branchMap":{"0":{"loc":{"start":{"line":11,"column":4},"end":{"line":17,"column":5}},"type":"if","locations":[{"start":{"line":11,"column":4},"end":{"line":17,"column":5}},{"start":{},"end":{}}],"line":11},"1":{"loc":{"start":{"line":11,"column":8},"end":{"line":11,"column":93}},"type":"binary-expr","locations":[{"start":{"line":11,"column":8},"end":{"line":11,"column":38}},{"start":{"line":11,"column":42},"end":{"line":11,"column":67}},{"start":{"line":11,"column":70},"end":{"line":11,"column":93}}],"line":11},"2":{"loc":{"start":{"line":24,"column":4},"end":{"line":30,"column":5}},"type":"if","locations":[{"start":{"line":24,"column":4},"end":{"line":30,"column":5}},{"start":{},"end":{}}],"line":24},"3":{"loc":{"start":{"line":59,"column":6},"end":{"line":62,"column":7}},"type":"if","locations":[{"start":{"line":59,"column":6},"end":{"line":62,"column":7}},{"start":{},"end":{}}],"line":59},"4":{"loc":{"start":{"line":67,"column":6},"end":{"line":70,"column":7}},"type":"if","locations":[{"start":{"line":67,"column":6},"end":{"line":70,"column":7}},{"start":{},"end":{}}],"line":67},"5":{"loc":{"start":{"line":115,"column":6},"end":{"line":118,"column":7}},"type":"if","locations":[{"start":{"line":115,"column":6},"end":{"line":118,"column":7}},{"start":{},"end":{}}],"line":115},"6":{"loc":{"start":{"line":148,"column":6},"end":{"line":154,"column":7}},"type":"if","locations":[{"start":{"line":148,"column":6},"end":{"line":154,"column":7}},{"start":{},"end":{}}],"line":148},"7":{"loc":{"start":{"line":148,"column":10},"end":{"line":148,"column":42}},"type":"binary-expr","locations":[{"start":{"line":148,"column":10},"end":{"line":148,"column":23}},{"start":{"line":148,"column":27},"end":{"line":148,"column":42}}],"line":148},"8":{"loc":{"start":{"line":158,"column":6},"end":{"line":164,"column":7}},"type":"if","locations":[{"start":{"line":158,"column":6},"end":{"line":164,"column":7}},{"start":{},"end":{}}],"line":158},"9":{"loc":{"start":{"line":158,"column":10},"end":{"line":158,"column":49}},"type":"binary-expr","locations":[{"start":{"line":158,"column":10},"end":{"line":158,"column":25}},{"start":{"line":158,"column":29},"end":{"line":158,"column":49}}],"line":158}},"s":{"0":7,"1":7,"2":7,"3":7,"4":3,"5":3,"6":3,"7":1,"8":2,"9":2,"10":2,"11":1,"12":1,"13":1,"14":1,"15":1,"16":0,"17":11,"18":11,"19":11,"20":11,"21":11,"22":1,"23":1,"24":10,"25":10,"26":1,"27":1,"28":9,"29":9,"30":0,"31":4,"32":4,"33":4,"34":4,"35":4,"36":2,"37":2,"38":2,"39":2,"40":0,"41":0,"42":2,"43":1,"44":1,"45":0,"46":1,"47":1,"48":1,"49":1,"50":0,"51":0,"52":1,"53":1,"54":0,"55":0,"56":1,"57":0,"58":7},"f":{"0":3,"1":1,"2":0,"3":11,"4":4,"5":1,"6":1},"b":{"0":[1,2],"1":[3,2,2],"2":[1,1],"3":[1,10],"4":[1,9],"5":[0,2],"6":[0,1],"7":[1,1],"8":[0,1],"9":[1,1]},"_coverageSchema":"1a1c01bbd47fc00a2c39e90264f33305004495a9","hash":"8dee2640a41fd96e24979a9b03f057eda55dc57d"}
,"D:\\VRF\\Documents\\File Kampus\\PROJEK AKHIR\\WEB\\1\\BE\\app\\controllers\\api\\v1\\authenticationController.js": {"path":"D:\\VRF\\Documents\\File Kampus\\PROJEK AKHIR\\WEB\\1\\BE\\app\\controllers\\api\\v1\\authenticationController.js","statementMap":{"0":{"start":{"line":1,"column":0},"end":{"line":1,"column":27}},"1":{"start":{"line":2,"column":15},"end":{"line":2,"column":34}},"2":{"start":{"line":3,"column":12},"end":{"line":3,"column":35}},"3":{"start":{"line":4,"column":13},"end":{"line":4,"column":15}},"4":{"start":{"line":11,"column":8},"end":{"line":13,"column":11}},"5":{"start":{"line":21,"column":8},"end":{"line":29,"column":11}},"6":{"start":{"line":22,"column":10},"end":{"line":28,"column":13}},"7":{"start":{"line":23,"column":12},"end":{"line":26,"column":13}},"8":{"start":{"line":24,"column":14},"end":{"line":24,"column":26}},"9":{"start":{"line":25,"column":14},"end":{"line":25,"column":21}},"10":{"start":{"line":27,"column":12},"end":{"line":27,"column":39}},"11":{"start":{"line":33,"column":8},"end":{"line":41,"column":11}},"12":{"start":{"line":34,"column":10},"end":{"line":40,"column":13}},"13":{"start":{"line":35,"column":12},"end":{"line":38,"column":13}},"14":{"start":{"line":36,"column":14},"end":{"line":36,"column":26}},"15":{"start":{"line":37,"column":14},"end":{"line":37,"column":21}},"16":{"start":{"line":39,"column":12},"end":{"line":39,"column":39}},"17":{"start":{"line":45,"column":0},"end":{"line":45,"column":42}}},"fnMap":{"0":{"name":"(anonymous_0)","decl":{"start":{"line":7,"column":4},"end":{"line":7,"column":5}},"loc":{"start":{"line":7,"column":35},"end":{"line":14,"column":7}},"line":7},"1":{"name":"(anonymous_1)","decl":{"start":{"line":20,"column":6},"end":{"line":20,"column":7}},"loc":{"start":{"line":20,"column":45},"end":{"line":30,"column":7}},"line":20},"2":{"name":"(anonymous_2)","decl":{"start":{"line":21,"column":27},"end":{"line":21,"column":28}},"loc":{"start":{"line":21,"column":48},"end":{"line":29,"column":9}},"line":21},"3":{"name":"(anonymous_3)","decl":{"start":{"line":22,"column":38},"end":{"line":22,"column":39}},"loc":{"start":{"line":22,"column":66},"end":{"line":28,"column":11}},"line":22},"4":{"name":"(anonymous_4)","decl":{"start":{"line":32,"column":6},"end":{"line":32,"column":7}},"loc":{"start":{"line":32,"column":62},"end":{"line":42,"column":7}},"line":32},"5":{"name":"(anonymous_5)","decl":{"start":{"line":33,"column":27},"end":{"line":33,"column":28}},"loc":{"start":{"line":33,"column":48},"end":{"line":41,"column":9}},"line":33},"6":{"name":"(anonymous_6)","decl":{"start":{"line":34,"column":54},"end":{"line":34,"column":55}},"loc":{"start":{"line":34,"column":82},"end":{"line":40,"column":11}},"line":34}},"branchMap":{"0":{"loc":{"start":{"line":23,"column":12},"end":{"line":26,"column":13}},"type":"if","locations":[{"start":{"line":23,"column":12},"end":{"line":26,"column":13}},{"start":{},"end":{}}],"line":23},"1":{"loc":{"start":{"line":35,"column":12},"end":{"line":38,"column":13}},"type":"if","locations":[{"start":{"line":35,"column":12},"end":{"line":38,"column":13}},{"start":{},"end":{}}],"line":35}},"s":{"0":7,"1":7,"2":7,"3":7,"4":14,"5":4,"6":4,"7":4,"8":0,"9":0,"10":4,"11":16,"12":16,"13":16,"14":0,"15":0,"16":16,"17":7},"f":{"0":14,"1":4,"2":4,"3":4,"4":16,"5":16,"6":16},"b":{"0":[0,4],"1":[0,16]},"_coverageSchema":"1a1c01bbd47fc00a2c39e90264f33305004495a9","hash":"fce3395408ec119641e7f772e83f9de6987ff2e9"}
,"D:\\VRF\\Documents\\File Kampus\\PROJEK AKHIR\\WEB\\1\\BE\\app\\controllers\\api\\v1\\index.js": {"path":"D:\\VRF\\Documents\\File Kampus\\PROJEK AKHIR\\WEB\\1\\BE\\app\\controllers\\api\\v1\\index.js","statementMap":{"0":{"start":{"line":7,"column":23},"end":{"line":7,"column":50}},"1":{"start":{"line":8,"column":24},"end":{"line":8,"column":52}},"2":{"start":{"line":10,"column":0},"end":{"line":13,"column":2}}},"fnMap":{},"branchMap":{},"s":{"0":7,"1":7,"2":7},"f":{},"b":{},"_coverageSchema":"1a1c01bbd47fc00a2c39e90264f33305004495a9","hash":"5d9498fa79cc782a8141381b8e477e3558a8ca19"}
,"D:\\VRF\\Documents\\File Kampus\\PROJEK AKHIR\\WEB\\1\\BE\\app\\controllers\\api\\v1\\userController.js": {"path":"D:\\VRF\\Documents\\File Kampus\\PROJEK AKHIR\\WEB\\1\\BE\\app\\controllers\\api\\v1\\userController.js","statementMap":{"0":{"start":{"line":2,"column":12},"end":{"line":2,"column":35}},"1":{"start":{"line":3,"column":18},"end":{"line":3,"column":44}},"2":{"start":{"line":4,"column":20},"end":{"line":4,"column":60}},"3":{"start":{"line":5,"column":16},"end":{"line":5,"column":53}},"4":{"start":{"line":42,"column":4},"end":{"line":42,"column":32}},"5":{"start":{"line":43,"column":21},"end":{"line":43,"column":38}},"6":{"start":{"line":44,"column":18},"end":{"line":44,"column":46}},"7":{"start":{"line":48,"column":4},"end":{"line":54,"column":5}},"8":{"start":{"line":49,"column":6},"end":{"line":52,"column":9}},"9":{"start":{"line":56,"column":21},"end":{"line":56,"column":69}},"10":{"start":{"line":57,"column":26},"end":{"line":57,"column":35}},"11":{"start":{"line":58,"column":19},"end":{"line":58,"column":21}},"12":{"start":{"line":65,"column":21},"end":{"line":67,"column":6}},"13":{"start":{"line":71,"column":4},"end":{"line":78,"column":5}},"14":{"start":{"line":73,"column":6},"end":{"line":76,"column":9}},"15":{"start":{"line":77,"column":6},"end":{"line":77,"column":13}},"16":{"start":{"line":83,"column":4},"end":{"line":99,"column":9}},"17":{"start":{"line":86,"column":21},"end":{"line":88,"column":10}},"18":{"start":{"line":89,"column":8},"end":{"line":92,"column":11}},"19":{"start":{"line":95,"column":8},"end":{"line":98,"column":11}},"20":{"start":{"line":103,"column":4},"end":{"line":155,"column":5}},"21":{"start":{"line":104,"column":20},"end":{"line":104,"column":48}},"22":{"start":{"line":105,"column":23},"end":{"line":105,"column":40}},"23":{"start":{"line":107,"column":6},"end":{"line":107,"column":33}},"24":{"start":{"line":111,"column":19},"end":{"line":113,"column":8}},"25":{"start":{"line":115,"column":6},"end":{"line":119,"column":7}},"26":{"start":{"line":117,"column":8},"end":{"line":117,"column":79}},"27":{"start":{"line":118,"column":8},"end":{"line":118,"column":14}},"28":{"start":{"line":125,"column":32},"end":{"line":125,"column":84}},"29":{"start":{"line":127,"column":6},"end":{"line":131,"column":7}},"30":{"start":{"line":128,"column":8},"end":{"line":128,"column":41}},"31":{"start":{"line":129,"column":8},"end":{"line":129,"column":82}},"32":{"start":{"line":130,"column":8},"end":{"line":130,"column":14}},"33":{"start":{"line":136,"column":20},"end":{"line":141,"column":8}},"34":{"start":{"line":143,"column":6},"end":{"line":149,"column":8}},"35":{"start":{"line":151,"column":6},"end":{"line":154,"column":9}},"36":{"start":{"line":159,"column":4},"end":{"line":189,"column":5}},"37":{"start":{"line":160,"column":6},"end":{"line":160,"column":38}},"38":{"start":{"line":161,"column":26},"end":{"line":161,"column":51}},"39":{"start":{"line":163,"column":20},"end":{"line":163,"column":51}},"40":{"start":{"line":165,"column":27},"end":{"line":165,"column":68}},"41":{"start":{"line":171,"column":6},"end":{"line":173,"column":8}},"42":{"start":{"line":176,"column":6},"end":{"line":176,"column":31}},"43":{"start":{"line":177,"column":6},"end":{"line":177,"column":12}},"44":{"start":{"line":180,"column":6},"end":{"line":183,"column":7}},"45":{"start":{"line":181,"column":8},"end":{"line":181,"column":77}},"46":{"start":{"line":182,"column":8},"end":{"line":182,"column":14}},"47":{"start":{"line":185,"column":6},"end":{"line":188,"column":8}},"48":{"start":{"line":193,"column":4},"end":{"line":203,"column":5}},"49":{"start":{"line":194,"column":6},"end":{"line":197,"column":8}},"50":{"start":{"line":199,"column":6},"end":{"line":202,"column":9}},"51":{"start":{"line":207,"column":4},"end":{"line":207,"column":86}},"52":{"start":{"line":211,"column":0},"end":{"line":211,"column":32}}},"fnMap":{"0":{"name":"(anonymous_0)","decl":{"start":{"line":41,"column":2},"end":{"line":41,"column":3}},"loc":{"start":{"line":41,"column":34},"end":{"line":100,"column":3}},"line":41},"1":{"name":"(anonymous_1)","decl":{"start":{"line":85,"column":12},"end":{"line":85,"column":13}},"loc":{"start":{"line":85,"column":62},"end":{"line":93,"column":7}},"line":85},"2":{"name":"(anonymous_2)","decl":{"start":{"line":94,"column":13},"end":{"line":94,"column":14}},"loc":{"start":{"line":94,"column":22},"end":{"line":99,"column":7}},"line":94},"3":{"name":"(anonymous_3)","decl":{"start":{"line":102,"column":2},"end":{"line":102,"column":3}},"loc":{"start":{"line":102,"column":31},"end":{"line":156,"column":3}},"line":102},"4":{"name":"(anonymous_4)","decl":{"start":{"line":158,"column":2},"end":{"line":158,"column":3}},"loc":{"start":{"line":158,"column":41},"end":{"line":190,"column":3}},"line":158},"5":{"name":"(anonymous_5)","decl":{"start":{"line":192,"column":2},"end":{"line":192,"column":3}},"loc":{"start":{"line":192,"column":32},"end":{"line":204,"column":3}},"line":192},"6":{"name":"(anonymous_6)","decl":{"start":{"line":206,"column":2},"end":{"line":206,"column":3}},"loc":{"start":{"line":206,"column":36},"end":{"line":208,"column":3}},"line":206}},"branchMap":{"0":{"loc":{"start":{"line":48,"column":4},"end":{"line":54,"column":5}},"type":"if","locations":[{"start":{"line":48,"column":4},"end":{"line":54,"column":5}},{"start":{},"end":{}}],"line":48},"1":{"loc":{"start":{"line":48,"column":8},"end":{"line":48,"column":93}},"type":"binary-expr","locations":[{"start":{"line":48,"column":8},"end":{"line":48,"column":38}},{"start":{"line":48,"column":42},"end":{"line":48,"column":67}},{"start":{"line":48,"column":70},"end":{"line":48,"column":93}}],"line":48},"2":{"loc":{"start":{"line":71,"column":4},"end":{"line":78,"column":5}},"type":"if","locations":[{"start":{"line":71,"column":4},"end":{"line":78,"column":5}},{"start":{},"end":{}}],"line":71},"3":{"loc":{"start":{"line":71,"column":8},"end":{"line":71,"column":44}},"type":"binary-expr","locations":[{"start":{"line":71,"column":8},"end":{"line":71,"column":24}},{"start":{"line":71,"column":28},"end":{"line":71,"column":44}}],"line":71},"4":{"loc":{"start":{"line":115,"column":6},"end":{"line":119,"column":7}},"type":"if","locations":[{"start":{"line":115,"column":6},"end":{"line":119,"column":7}},{"start":{},"end":{}}],"line":115},"5":{"loc":{"start":{"line":127,"column":6},"end":{"line":131,"column":7}},"type":"if","locations":[{"start":{"line":127,"column":6},"end":{"line":131,"column":7}},{"start":{},"end":{}}],"line":127},"6":{"loc":{"start":{"line":180,"column":6},"end":{"line":183,"column":7}},"type":"if","locations":[{"start":{"line":180,"column":6},"end":{"line":183,"column":7}},{"start":{},"end":{}}],"line":180}},"s":{"0":7,"1":7,"2":7,"3":7,"4":3,"5":3,"6":3,"7":3,"8":1,"9":2,"10":2,"11":2,"12":2,"13":2,"14":1,"15":1,"16":1,"17":1,"18":1,"19":0,"20":7,"21":7,"22":7,"23":7,"24":7,"25":7,"26":1,"27":1,"28":6,"29":6,"30":1,"31":1,"32":1,"33":5,"34":5,"35":0,"36":2,"37":2,"38":2,"39":2,"40":2,"41":1,"42":1,"43":1,"44":1,"45":0,"46":0,"47":1,"48":1,"49":1,"50":0,"51":0,"52":7},"f":{"0":3,"1":1,"2":0,"3":7,"4":2,"5":1,"6":0},"b":{"0":[1,2],"1":[3,2,2],"2":[1,1],"3":[2,2],"4":[1,6],"5":[1,5],"6":[0,1]},"_coverageSchema":"1a1c01bbd47fc00a2c39e90264f33305004495a9","hash":"651f19776614a107591459c26aa37b2f49a4fc39"}
,"D:\\VRF\\Documents\\File Kampus\\PROJEK AKHIR\\WEB\\1\\BE\\app\\models\\addevs.js": {"path":"D:\\VRF\\Documents\\File Kampus\\PROJEK AKHIR\\WEB\\1\\BE\\app\\models\\addevs.js","statementMap":{"0":{"start":{"line":4,"column":4},"end":{"line":4,"column":24}},"1":{"start":{"line":5,"column":0},"end":{"line":27,"column":2}},"2":{"start":{"line":16,"column":2},"end":{"line":25,"column":5}},"3":{"start":{"line":26,"column":2},"end":{"line":26,"column":16}}},"fnMap":{"0":{"name":"(anonymous_0)","decl":{"start":{"line":5,"column":17},"end":{"line":5,"column":18}},"loc":{"start":{"line":5,"column":43},"end":{"line":27,"column":1}},"line":5},"1":{"name":"(anonymous_1)","decl":{"start":{"line":12,"column":4},"end":{"line":12,"column":5}},"loc":{"start":{"line":12,"column":29},"end":{"line":14,"column":5}},"line":12}},"branchMap":{},"s":{"0":7,"1":7,"2":7,"3":7},"f":{"0":7,"1":7},"b":{},"_coverageSchema":"1a1c01bbd47fc00a2c39e90264f33305004495a9","hash":"0042333140b7c8ec425e0a7cd29c397bda02b64c"}
,"D:\\VRF\\Documents\\File Kampus\\PROJEK AKHIR\\WEB\\1\\BE\\app\\models\\characteristic.js": {"path":"D:\\VRF\\Documents\\File Kampus\\PROJEK AKHIR\\WEB\\1\\BE\\app\\models\\characteristic.js","statementMap":{"0":{"start":{"line":4,"column":4},"end":{"line":4,"column":24}},"1":{"start":{"line":5,"column":0},"end":{"line":26,"column":2}},"2":{"start":{"line":14,"column":6},"end":{"line":14,"column":75}},"3":{"start":{"line":17,"column":2},"end":{"line":24,"column":5}},"4":{"start":{"line":25,"column":2},"end":{"line":25,"column":24}}},"fnMap":{"0":{"name":"(anonymous_0)","decl":{"start":{"line":5,"column":17},"end":{"line":5,"column":18}},"loc":{"start":{"line":5,"column":43},"end":{"line":26,"column":1}},"line":5},"1":{"name":"(anonymous_1)","decl":{"start":{"line":12,"column":4},"end":{"line":12,"column":5}},"loc":{"start":{"line":12,"column":29},"end":{"line":15,"column":5}},"line":12}},"branchMap":{},"s":{"0":7,"1":7,"2":7,"3":7,"4":7},"f":{"0":7,"1":7},"b":{},"_coverageSchema":"1a1c01bbd47fc00a2c39e90264f33305004495a9","hash":"ed866863dfb7ca24a93d5b0c6db54c303dc6bbbe"}
,"D:\\VRF\\Documents\\File Kampus\\PROJEK AKHIR\\WEB\\1\\BE\\app\\models\\index.js": {"path":"D:\\VRF\\Documents\\File Kampus\\PROJEK AKHIR\\WEB\\1\\BE\\app\\models\\index.js","statementMap":{"0":{"start":{"line":3,"column":11},"end":{"line":3,"column":24}},"1":{"start":{"line":4,"column":13},"end":{"line":4,"column":28}},"2":{"start":{"line":5,"column":18},"end":{"line":5,"column":38}},"3":{"start":{"line":6,"column":17},"end":{"line":6,"column":42}},"4":{"start":{"line":7,"column":12},"end":{"line":7,"column":49}},"5":{"start":{"line":8,"column":15},"end":{"line":8,"column":68}},"6":{"start":{"line":9,"column":11},"end":{"line":9,"column":13}},"7":{"start":{"line":12,"column":0},"end":{"line":21,"column":1}},"8":{"start":{"line":13,"column":2},"end":{"line":13,"column":74}},"9":{"start":{"line":15,"column":2},"end":{"line":20,"column":4}},"10":{"start":{"line":23,"column":0},"end":{"line":35,"column":5}},"11":{"start":{"line":25,"column":4},"end":{"line":27,"column":6}},"12":{"start":{"line":30,"column":18},"end":{"line":33,"column":5}},"13":{"start":{"line":34,"column":4},"end":{"line":34,"column":27}},"14":{"start":{"line":37,"column":0},"end":{"line":41,"column":3}},"15":{"start":{"line":38,"column":2},"end":{"line":40,"column":3}},"16":{"start":{"line":39,"column":4},"end":{"line":39,"column":32}},"17":{"start":{"line":43,"column":0},"end":{"line":43,"column":25}},"18":{"start":{"line":44,"column":0},"end":{"line":44,"column":25}},"19":{"start":{"line":46,"column":0},"end":{"line":46,"column":20}}},"fnMap":{"0":{"name":"(anonymous_0)","decl":{"start":{"line":24,"column":10},"end":{"line":24,"column":11}},"loc":{"start":{"line":24,"column":20},"end":{"line":28,"column":3}},"line":24},"1":{"name":"(anonymous_1)","decl":{"start":{"line":29,"column":11},"end":{"line":29,"column":12}},"loc":{"start":{"line":29,"column":21},"end":{"line":35,"column":3}},"line":29},"2":{"name":"(anonymous_2)","decl":{"start":{"line":37,"column":24},"end":{"line":37,"column":25}},"loc":{"start":{"line":37,"column":39},"end":{"line":41,"column":1}},"line":37}},"branchMap":{"0":{"loc":{"start":{"line":7,"column":12},"end":{"line":7,"column":49}},"type":"binary-expr","locations":[{"start":{"line":7,"column":12},"end":{"line":7,"column":32}},{"start":{"line":7,"column":36},"end":{"line":7,"column":49}}],"line":7},"1":{"loc":{"start":{"line":12,"column":0},"end":{"line":21,"column":1}},"type":"if","locations":[{"start":{"line":12,"column":0},"end":{"line":21,"column":1}},{"start":{"line":14,"column":7},"end":{"line":21,"column":1}}],"line":12},"2":{"loc":{"start":{"line":26,"column":6},"end":{"line":26,"column":78}},"type":"binary-expr","locations":[{"start":{"line":26,"column":6},"end":{"line":26,"column":29}},{"start":{"line":26,"column":33},"end":{"line":26,"column":50}},{"start":{"line":26,"column":54},"end":{"line":26,"column":78}}],"line":26},"3":{"loc":{"start":{"line":38,"column":2},"end":{"line":40,"column":3}},"type":"if","locations":[{"start":{"line":38,"column":2},"end":{"line":40,"column":3}},{"start":{},"end":{}}],"line":38}},"s":{"0":7,"1":7,"2":7,"3":7,"4":7,"5":7,"6":7,"7":7,"8":0,"9":7,"10":7,"11":49,"12":42,"13":42,"14":7,"15":42,"16":42,"17":7,"18":7,"19":7},"f":{"0":49,"1":42,"2":42},"b":{"0":[7,0],"1":[0,7],"2":[49,49,42],"3":[42,0]},"_coverageSchema":"1a1c01bbd47fc00a2c39e90264f33305004495a9","hash":"6098c1d72a4f541e3cfa26f892fc2630cbb528d6"}
,"D:\\VRF\\Documents\\File Kampus\\PROJEK AKHIR\\WEB\\1\\BE\\app\\models\\mbti_answers.js": {"path":"D:\\VRF\\Documents\\File Kampus\\PROJEK AKHIR\\WEB\\1\\BE\\app\\models\\mbti_answers.js","statementMap":{"0":{"start":{"line":4,"column":4},"end":{"line":4,"column":24}},"1":{"start":{"line":5,"column":0},"end":{"line":30,"column":2}},"2":{"start":{"line":14,"column":6},"end":{"line":14,"column":79}},"3":{"start":{"line":16,"column":6},"end":{"line":16,"column":76}},"4":{"start":{"line":17,"column":6},"end":{"line":17,"column":77}},"5":{"start":{"line":20,"column":2},"end":{"line":28,"column":5}},"6":{"start":{"line":29,"column":2},"end":{"line":29,"column":22}}},"fnMap":{"0":{"name":"(anonymous_0)","decl":{"start":{"line":5,"column":17},"end":{"line":5,"column":18}},"loc":{"start":{"line":5,"column":43},"end":{"line":30,"column":1}},"line":5},"1":{"name":"(anonymous_1)","decl":{"start":{"line":12,"column":4},"end":{"line":12,"column":5}},"loc":{"start":{"line":12,"column":29},"end":{"line":18,"column":5}},"line":12}},"branchMap":{},"s":{"0":7,"1":7,"2":7,"3":7,"4":7,"5":7,"6":7},"f":{"0":7,"1":7},"b":{},"_coverageSchema":"1a1c01bbd47fc00a2c39e90264f33305004495a9","hash":"8e947a6e1686f7ce571ce372ec834a9c35b568bd"}
,"D:\\VRF\\Documents\\File Kampus\\PROJEK AKHIR\\WEB\\1\\BE\\app\\models\\mbti_question.js": {"path":"D:\\VRF\\Documents\\File Kampus\\PROJEK AKHIR\\WEB\\1\\BE\\app\\models\\mbti_question.js","statementMap":{"0":{"start":{"line":4,"column":4},"end":{"line":4,"column":24}},"1":{"start":{"line":5,"column":0},"end":{"line":24,"column":2}},"2":{"start":{"line":14,"column":6},"end":{"line":14,"column":74}},"3":{"start":{"line":17,"column":2},"end":{"line":22,"column":5}},"4":{"start":{"line":23,"column":2},"end":{"line":23,"column":23}}},"fnMap":{"0":{"name":"(anonymous_0)","decl":{"start":{"line":5,"column":17},"end":{"line":5,"column":18}},"loc":{"start":{"line":5,"column":43},"end":{"line":24,"column":1}},"line":5},"1":{"name":"(anonymous_1)","decl":{"start":{"line":12,"column":4},"end":{"line":12,"column":5}},"loc":{"start":{"line":12,"column":29},"end":{"line":15,"column":5}},"line":12}},"branchMap":{},"s":{"0":7,"1":7,"2":7,"3":7,"4":7},"f":{"0":7,"1":7},"b":{},"_coverageSchema":"1a1c01bbd47fc00a2c39e90264f33305004495a9","hash":"67d5f2bc587eaf149173b426250ac4a2640cf2e9"}
,"D:\\VRF\\Documents\\File Kampus\\PROJEK AKHIR\\WEB\\1\\BE\\app\\models\\users.js": {"path":"D:\\VRF\\Documents\\File Kampus\\PROJEK AKHIR\\WEB\\1\\BE\\app\\models\\users.js","statementMap":{"0":{"start":{"line":4,"column":4},"end":{"line":4,"column":24}},"1":{"start":{"line":5,"column":0},"end":{"line":29,"column":2}},"2":{"start":{"line":14,"column":6},"end":{"line":14,"column":73}},"3":{"start":{"line":17,"column":2},"end":{"line":27,"column":5}},"4":{"start":{"line":28,"column":2},"end":{"line":28,"column":15}}},"fnMap":{"0":{"name":"(anonymous_0)","decl":{"start":{"line":5,"column":17},"end":{"line":5,"column":18}},"loc":{"start":{"line":5,"column":43},"end":{"line":29,"column":1}},"line":5},"1":{"name":"(anonymous_1)","decl":{"start":{"line":12,"column":4},"end":{"line":12,"column":5}},"loc":{"start":{"line":12,"column":29},"end":{"line":15,"column":5}},"line":12}},"branchMap":{},"s":{"0":7,"1":7,"2":7,"3":7,"4":7},"f":{"0":7,"1":7},"b":{},"_coverageSchema":"1a1c01bbd47fc00a2c39e90264f33305004495a9","hash":"ab6b84d6ee88af437767c17e151865013df9b275"}
,"D:\\VRF\\Documents\\File Kampus\\PROJEK AKHIR\\WEB\\1\\BE\\app\\models\\users_test_answers.js": {"path":"D:\\VRF\\Documents\\File Kampus\\PROJEK AKHIR\\WEB\\1\\BE\\app\\models\\users_test_answers.js","statementMap":{"0":{"start":{"line":4,"column":4},"end":{"line":4,"column":24}},"1":{"start":{"line":5,"column":0},"end":{"line":28,"column":2}},"2":{"start":{"line":15,"column":6},"end":{"line":15,"column":75}},"3":{"start":{"line":16,"column":6},"end":{"line":16,"column":81}},"4":{"start":{"line":19,"column":2},"end":{"line":26,"column":5}},"5":{"start":{"line":27,"column":2},"end":{"line":27,"column":28}}},"fnMap":{"0":{"name":"(anonymous_0)","decl":{"start":{"line":5,"column":17},"end":{"line":5,"column":18}},"loc":{"start":{"line":5,"column":43},"end":{"line":28,"column":1}},"line":5},"1":{"name":"(anonymous_1)","decl":{"start":{"line":12,"column":4},"end":{"line":12,"column":5}},"loc":{"start":{"line":12,"column":29},"end":{"line":17,"column":5}},"line":12}},"branchMap":{},"s":{"0":7,"1":7,"2":7,"3":7,"4":7,"5":7},"f":{"0":7,"1":7},"b":{},"_coverageSchema":"1a1c01bbd47fc00a2c39e90264f33305004495a9","hash":"f4a90a0e85d670113ba12aecf4018f6f66fb7ac9"}
,"D:\\VRF\\Documents\\File Kampus\\PROJEK AKHIR\\WEB\\1\\BE\\app\\repositories\\addevRepository.js": {"path":"D:\\VRF\\Documents\\File Kampus\\PROJEK AKHIR\\WEB\\1\\BE\\app\\repositories\\addevRepository.js","statementMap":{"0":{"start":{"line":1,"column":26},"end":{"line":1,"column":46}},"1":{"start":{"line":3,"column":0},"end":{"line":24,"column":2}},"2":{"start":{"line":5,"column":4},"end":{"line":7,"column":7}},"3":{"start":{"line":11,"column":4},"end":{"line":13,"column":7}},"4":{"start":{"line":17,"column":4},"end":{"line":17,"column":27}},"5":{"start":{"line":21,"column":4},"end":{"line":21,"column":54}},"6":{"start":{"line":22,"column":6},"end":{"line":22,"column":39}}},"fnMap":{"0":{"name":"(anonymous_0)","decl":{"start":{"line":4,"column":2},"end":{"line":4,"column":3}},"loc":{"start":{"line":4,"column":23},"end":{"line":8,"column":3}},"line":4},"1":{"name":"(anonymous_1)","decl":{"start":{"line":10,"column":2},"end":{"line":10,"column":3}},"loc":{"start":{"line":10,"column":17},"end":{"line":14,"column":3}},"line":10},"2":{"name":"(anonymous_2)","decl":{"start":{"line":16,"column":2},"end":{"line":16,"column":3}},"loc":{"start":{"line":16,"column":19},"end":{"line":18,"column":3}},"line":16},"3":{"name":"(anonymous_3)","decl":{"start":{"line":20,"column":2},"end":{"line":20,"column":3}},"loc":{"start":{"line":20,"column":25},"end":{"line":23,"column":3}},"line":20}},"branchMap":{},"s":{"0":7,"1":7,"2":15,"3":0,"4":1,"5":1,"6":1},"f":{"0":15,"1":0,"2":1,"3":1},"b":{},"_coverageSchema":"1a1c01bbd47fc00a2c39e90264f33305004495a9","hash":"facd2f577a9be1e62086fa923fc7a12f31b3b680"}
,"D:\\VRF\\Documents\\File Kampus\\PROJEK AKHIR\\WEB\\1\\BE\\app\\repositories\\userRepository.js": {"path":"D:\\VRF\\Documents\\File Kampus\\PROJEK AKHIR\\WEB\\1\\BE\\app\\repositories\\userRepository.js","statementMap":{"0":{"start":{"line":1,"column":18},"end":{"line":1,"column":38}},"1":{"start":{"line":3,"column":0},"end":{"line":29,"column":2}},"2":{"start":{"line":5,"column":4},"end":{"line":11,"column":5}},"3":{"start":{"line":6,"column":6},"end":{"line":8,"column":8}},"4":{"start":{"line":10,"column":6},"end":{"line":10,"column":23}},"5":{"start":{"line":16,"column":4},"end":{"line":18,"column":7}},"6":{"start":{"line":22,"column":4},"end":{"line":27,"column":5}},"7":{"start":{"line":24,"column":6},"end":{"line":24,"column":38}},"8":{"start":{"line":26,"column":6},"end":{"line":26,"column":24}}},"fnMap":{"0":{"name":"(anonymous_0)","decl":{"start":{"line":4,"column":2},"end":{"line":4,"column":3}},"loc":{"start":{"line":4,"column":23},"end":{"line":13,"column":3}},"line":4},"1":{"name":"(anonymous_1)","decl":{"start":{"line":15,"column":2},"end":{"line":15,"column":3}},"loc":{"start":{"line":15,"column":17},"end":{"line":19,"column":3}},"line":15},"2":{"name":"(anonymous_2)","decl":{"start":{"line":21,"column":2},"end":{"line":21,"column":3}},"loc":{"start":{"line":21,"column":25},"end":{"line":28,"column":3}},"line":21}},"branchMap":{},"s":{"0":7,"1":7,"2":1,"3":1,"4":0,"5":0,"6":1,"7":1,"8":0},"f":{"0":1,"1":0,"2":1},"b":{},"_coverageSchema":"1a1c01bbd47fc00a2c39e90264f33305004495a9","hash":"5a22fee0779d9065972ccc2fe4858a5aa2f90cd1"}
,"D:\\VRF\\Documents\\File Kampus\\PROJEK AKHIR\\WEB\\1\\BE\\app\\services\\addevService.js": {"path":"D:\\VRF\\Documents\\File Kampus\\PROJEK AKHIR\\WEB\\1\\BE\\app\\services\\addevService.js","statementMap":{"0":{"start":{"line":1,"column":18},"end":{"line":1,"column":60}},"1":{"start":{"line":3,"column":0},"end":{"line":20,"column":2}},"2":{"start":{"line":5,"column":4},"end":{"line":5,"column":42}},"3":{"start":{"line":9,"column":4},"end":{"line":9,"column":36}},"4":{"start":{"line":13,"column":4},"end":{"line":13,"column":38}},"5":{"start":{"line":17,"column":4},"end":{"line":17,"column":52}},"6":{"start":{"line":18,"column":4},"end":{"line":18,"column":40}}},"fnMap":{"0":{"name":"(anonymous_0)","decl":{"start":{"line":4,"column":2},"end":{"line":4,"column":3}},"loc":{"start":{"line":4,"column":21},"end":{"line":6,"column":3}},"line":4},"1":{"name":"(anonymous_1)","decl":{"start":{"line":8,"column":2},"end":{"line":8,"column":3}},"loc":{"start":{"line":8,"column":15},"end":{"line":10,"column":3}},"line":8},"2":{"name":"(anonymous_2)","decl":{"start":{"line":12,"column":2},"end":{"line":12,"column":3}},"loc":{"start":{"line":12,"column":14},"end":{"line":14,"column":3}},"line":12},"3":{"name":"(anonymous_3)","decl":{"start":{"line":16,"column":2},"end":{"line":16,"column":3}},"loc":{"start":{"line":16,"column":18},"end":{"line":19,"column":3}},"line":16}},"branchMap":{},"s":{"0":7,"1":7,"2":15,"3":0,"4":1,"5":1,"6":1},"f":{"0":15,"1":0,"2":1,"3":1},"b":{},"_coverageSchema":"1a1c01bbd47fc00a2c39e90264f33305004495a9","hash":"dfd30f342393fb68f9069f849d73e1a97cf62d69"}
,"D:\\VRF\\Documents\\File Kampus\\PROJEK AKHIR\\WEB\\1\\BE\\app\\services\\userService.js": {"path":"D:\\VRF\\Documents\\File Kampus\\PROJEK AKHIR\\WEB\\1\\BE\\app\\services\\userService.js","statementMap":{"0":{"start":{"line":1,"column":17},"end":{"line":1,"column":58}},"1":{"start":{"line":3,"column":0},"end":{"line":16,"column":2}},"2":{"start":{"line":5,"column":4},"end":{"line":5,"column":41}},"3":{"start":{"line":9,"column":4},"end":{"line":9,"column":35}},"4":{"start":{"line":13,"column":4},"end":{"line":13,"column":52}},"5":{"start":{"line":14,"column":4},"end":{"line":14,"column":39}}},"fnMap":{"0":{"name":"(anonymous_0)","decl":{"start":{"line":4,"column":2},"end":{"line":4,"column":3}},"loc":{"start":{"line":4,"column":21},"end":{"line":6,"column":3}},"line":4},"1":{"name":"(anonymous_1)","decl":{"start":{"line":8,"column":2},"end":{"line":8,"column":3}},"loc":{"start":{"line":8,"column":15},"end":{"line":10,"column":3}},"line":8},"2":{"name":"(anonymous_2)","decl":{"start":{"line":12,"column":2},"end":{"line":12,"column":3}},"loc":{"start":{"line":12,"column":18},"end":{"line":15,"column":3}},"line":12}},"branchMap":{},"s":{"0":7,"1":7,"2":1,"3":0,"4":1,"5":1},"f":{"0":1,"1":0,"2":1},"b":{},"_coverageSchema":"1a1c01bbd47fc00a2c39e90264f33305004495a9","hash":"977a19a2720a4dcca8a86f3f39edf6db9dae45a0"}
,"D:\\VRF\\Documents\\File Kampus\\PROJEK AKHIR\\WEB\\1\\BE\\config\\database.js": {"path":"D:\\VRF\\Documents\\File Kampus\\PROJEK AKHIR\\WEB\\1\\BE\\config\\database.js","statementMap":{"0":{"start":{"line":8,"column":0},"end":{"line":8,"column":27}},"1":{"start":{"line":9,"column":13},"end":{"line":9,"column":28}},"2":{"start":{"line":11,"column":26},"end":{"line":11,"column":67}},"3":{"start":{"line":13,"column":0},"end":{"line":13,"column":49}},"4":{"start":{"line":15,"column":0},"end":{"line":43,"column":2}}},"fnMap":{},"branchMap":{},"s":{"0":7,"1":7,"2":7,"3":7,"4":7},"f":{},"b":{},"_coverageSchema":"1a1c01bbd47fc00a2c39e90264f33305004495a9","hash":"8077d8ffc96b662b6885ab60dacb398dd37927d7"}
,"D:\\VRF\\Documents\\File Kampus\\PROJEK AKHIR\\WEB\\1\\BE\\config\\routes.js": {"path":"D:\\VRF\\Documents\\File Kampus\\PROJEK AKHIR\\WEB\\1\\BE\\config\\routes.js","statementMap":{"0":{"start":{"line":1,"column":16},"end":{"line":1,"column":34}},"1":{"start":{"line":2,"column":20},"end":{"line":2,"column":49}},"2":{"start":{"line":3,"column":18},"end":{"line":3,"column":34}},"3":{"start":{"line":11,"column":0},"end":{"line":11,"column":64}},"4":{"start":{"line":16,"column":0},"end":{"line":19,"column":1}},"5":{"start":{"line":21,"column":0},"end":{"line":24,"column":1}},"6":{"start":{"line":26,"column":0},"end":{"line":30,"column":1}},"7":{"start":{"line":33,"column":0},"end":{"line":36,"column":1}},"8":{"start":{"line":43,"column":0},"end":{"line":46,"column":1}},"9":{"start":{"line":48,"column":0},"end":{"line":52,"column":1}},"10":{"start":{"line":54,"column":0},"end":{"line":58,"column":1}},"11":{"start":{"line":65,"column":1},"end":{"line":69,"column":3}},"12":{"start":{"line":66,"column":2},"end":{"line":68,"column":4}},"13":{"start":{"line":71,"column":0},"end":{"line":71,"column":43}},"14":{"start":{"line":72,"column":0},"end":{"line":72,"column":44}},"15":{"start":{"line":74,"column":0},"end":{"line":74,"column":27}}},"fnMap":{"0":{"name":"(anonymous_0)","decl":{"start":{"line":65,"column":33},"end":{"line":65,"column":34}},"loc":{"start":{"line":65,"column":39},"end":{"line":69,"column":1}},"line":65}},"branchMap":{},"s":{"0":7,"1":7,"2":7,"3":7,"4":7,"5":7,"6":7,"7":7,"8":7,"9":7,"10":7,"11":7,"12":0,"13":7,"14":7,"15":7},"f":{"0":0},"b":{},"_coverageSchema":"1a1c01bbd47fc00a2c39e90264f33305004495a9","hash":"eae48c97bba238a6d55948ed293926f2098bec33"}
}
