TN:
SF:app\index.js
FNF:0
FNH:0
DA:6,7
DA:7,7
DA:8,7
DA:9,7
DA:11,7
DA:13,7
DA:16,7
DA:19,7
DA:22,7
DA:24,7
LF:10
LH:10
BRF:0
BRH:0
end_of_record
TN:
SF:app\controllers\index.js
FNF:0
FNH:0
DA:6,7
DA:8,7
LF:2
LH:2
BRF:0
BRH:0
end_of_record
TN:
SF:app\controllers\api\index.js
FNF:0
FNH:0
DA:6,7
DA:7,7
DA:9,7
LF:3
LH:3
BRF:0
BRH:0
end_of_record
TN:
SF:app\controllers\api\main.js
FN:7,(anonymous_0)
FN:14,(anonymous_1)
FNF:2
FNH:0
FNDA:0,(anonymous_0)
FNDA:0,(anonymous_1)
DA:6,7
DA:8,0
DA:15,0
LF:3
LH:1
BRF:0
BRH:0
end_of_record
TN:
SF:app\controllers\api\v1\addevController.js
FN:7,(anonymous_0)
FN:35,(anonymous_1)
FN:44,(anonymous_2)
FN:52,(anonymous_3)
FN:95,(anonymous_4)
FN:127,(anonymous_5)
FN:141,(anonymous_6)
FNF:7
FNH:6
FNDA:3,(anonymous_0)
FNDA:1,(anonymous_1)
FNDA:0,(anonymous_2)
FNDA:11,(anonymous_3)
FNDA:4,(anonymous_4)
FNDA:1,(anonymous_5)
FNDA:1,(anonymous_6)
DA:1,7
DA:2,7
DA:3,7
DA:4,7
DA:8,3
DA:9,3
DA:11,3
DA:12,1
DA:19,2
DA:22,2
DA:24,2
DA:25,1
DA:29,1
DA:33,1
DA:36,1
DA:39,1
DA:45,0
DA:53,11
DA:54,11
DA:55,11
DA:58,11
DA:59,11
DA:60,1
DA:61,1
DA:65,10
DA:67,10
DA:68,1
DA:69,1
DA:73,9
DA:80,9
DA:88,0
DA:96,4
DA:97,4
DA:98,4
DA:100,4
DA:102,4
DA:106,2
DA:111,2
DA:112,2
DA:115,2
DA:116,0
DA:117,0
DA:120,2
DA:128,1
DA:129,1
DA:134,0
DA:142,1
DA:143,1
DA:145,1
DA:148,1
DA:149,0
DA:153,0
DA:156,1
DA:158,1
DA:159,0
DA:163,0
DA:168,1
DA:174,0
DA:182,7
LF:59
LH:49
BRDA:11,0,0,1
BRDA:11,0,1,2
BRDA:11,1,0,3
BRDA:11,1,1,2
BRDA:11,1,2,2
BRDA:24,2,0,1
BRDA:24,2,1,1
BRDA:59,3,0,1
BRDA:59,3,1,10
BRDA:67,4,0,1
BRDA:67,4,1,9
BRDA:115,5,0,0
BRDA:115,5,1,2
BRDA:148,6,0,0
BRDA:148,6,1,1
BRDA:148,7,0,1
BRDA:148,7,1,1
BRDA:158,8,0,0
BRDA:158,8,1,1
BRDA:158,9,0,1
BRDA:158,9,1,1
BRF:21
BRH:18
end_of_record
TN:
SF:app\controllers\api\v1\authenticationController.js
FN:7,(anonymous_0)
FN:20,(anonymous_1)
FN:21,(anonymous_2)
FN:22,(anonymous_3)
FN:32,(anonymous_4)
FN:33,(anonymous_5)
FN:34,(anonymous_6)
FNF:7
FNH:7
FNDA:14,(anonymous_0)
FNDA:4,(anonymous_1)
FNDA:4,(anonymous_2)
FNDA:4,(anonymous_3)
FNDA:16,(anonymous_4)
FNDA:16,(anonymous_5)
FNDA:16,(anonymous_6)
DA:1,7
DA:2,7
DA:3,7
DA:4,7
DA:11,14
DA:21,4
DA:22,4
DA:23,4
DA:24,0
DA:25,0
DA:27,4
DA:33,16
DA:34,16
DA:35,16
DA:36,0
DA:37,0
DA:39,16
DA:45,7
LF:18
LH:14
BRDA:23,0,0,0
BRDA:23,0,1,4
BRDA:35,1,0,0
BRDA:35,1,1,16
BRF:4
BRH:2
end_of_record
TN:
SF:app\controllers\api\v1\index.js
FNF:0
FNH:0
DA:7,7
DA:8,7
DA:10,7
LF:3
LH:3
BRF:0
BRH:0
end_of_record
TN:
SF:app\controllers\api\v1\userController.js
FN:41,(anonymous_0)
FN:85,(anonymous_1)
FN:94,(anonymous_2)
FN:102,(anonymous_3)
FN:158,(anonymous_4)
FN:192,(anonymous_5)
FN:206,(anonymous_6)
FNF:7
FNH:5
FNDA:3,(anonymous_0)
FNDA:1,(anonymous_1)
FNDA:0,(anonymous_2)
FNDA:7,(anonymous_3)
FNDA:2,(anonymous_4)
FNDA:1,(anonymous_5)
FNDA:0,(anonymous_6)
DA:2,7
DA:3,7
DA:4,7
DA:5,7
DA:42,3
DA:43,3
DA:44,3
DA:48,3
DA:49,1
DA:56,2
DA:57,2
DA:58,2
DA:65,2
DA:71,2
DA:73,1
DA:77,1
DA:83,1
DA:86,1
DA:89,1
DA:95,0
DA:103,7
DA:104,7
DA:105,7
DA:107,7
DA:111,7
DA:115,7
DA:117,1
DA:118,1
DA:125,6
DA:127,6
DA:128,1
DA:129,1
DA:130,1
DA:136,5
DA:143,5
DA:151,0
DA:159,2
DA:160,2
DA:161,2
DA:163,2
DA:165,2
DA:171,1
DA:176,1
DA:177,1
DA:180,1
DA:181,0
DA:182,0
DA:185,1
DA:193,1
DA:194,1
DA:199,0
DA:207,0
DA:211,7
LF:53
LH:47
BRDA:48,0,0,1
BRDA:48,0,1,2
BRDA:48,1,0,3
BRDA:48,1,1,2
BRDA:48,1,2,2
BRDA:71,2,0,1
BRDA:71,2,1,1
BRDA:71,3,0,2
BRDA:71,3,1,2
BRDA:115,4,0,1
BRDA:115,4,1,6
BRDA:127,5,0,1
BRDA:127,5,1,5
BRDA:180,6,0,0
BRDA:180,6,1,1
BRF:15
BRH:14
end_of_record
TN:
SF:app\models\addevs.js
FN:5,(anonymous_0)
FN:12,(anonymous_1)
FNF:2
FNH:2
FNDA:7,(anonymous_0)
FNDA:7,(anonymous_1)
DA:4,7
DA:5,7
DA:16,7
DA:26,7
LF:4
LH:4
BRF:0
BRH:0
end_of_record
TN:
SF:app\models\characteristic.js
FN:5,(anonymous_0)
FN:12,(anonymous_1)
FNF:2
FNH:2
FNDA:7,(anonymous_0)
FNDA:7,(anonymous_1)
DA:4,7
DA:5,7
DA:14,7
DA:17,7
DA:25,7
LF:5
LH:5
BRF:0
BRH:0
end_of_record
TN:
SF:app\models\index.js
FN:24,(anonymous_0)
FN:29,(anonymous_1)
FN:37,(anonymous_2)
FNF:3
FNH:3
FNDA:49,(anonymous_0)
FNDA:42,(anonymous_1)
FNDA:42,(anonymous_2)
DA:3,7
DA:4,7
DA:5,7
DA:6,7
DA:7,7
DA:8,7
DA:9,7
DA:12,7
DA:13,0
DA:15,7
DA:23,7
DA:25,49
DA:30,42
DA:34,42
DA:37,7
DA:38,42
DA:39,42
DA:43,7
DA:44,7
DA:46,7
LF:20
LH:19
BRDA:7,0,0,7
BRDA:7,0,1,0
BRDA:12,1,0,0
BRDA:12,1,1,7
BRDA:26,2,0,49
BRDA:26,2,1,49
BRDA:26,2,2,42
BRDA:38,3,0,42
BRDA:38,3,1,0
BRF:9
BRH:6
end_of_record
TN:
SF:app\models\mbti_answers.js
FN:5,(anonymous_0)
FN:12,(anonymous_1)
FNF:2
FNH:2
FNDA:7,(anonymous_0)
FNDA:7,(anonymous_1)
DA:4,7
DA:5,7
DA:14,7
DA:16,7
DA:17,7
DA:20,7
DA:29,7
LF:7
LH:7
BRF:0
BRH:0
end_of_record
TN:
SF:app\models\mbti_question.js
FN:5,(anonymous_0)
FN:12,(anonymous_1)
FNF:2
FNH:2
FNDA:7,(anonymous_0)
FNDA:7,(anonymous_1)
DA:4,7
DA:5,7
DA:14,7
DA:17,7
DA:23,7
LF:5
LH:5
BRF:0
BRH:0
end_of_record
TN:
SF:app\models\users.js
FN:5,(anonymous_0)
FN:12,(anonymous_1)
FNF:2
FNH:2
FNDA:7,(anonymous_0)
FNDA:7,(anonymous_1)
DA:4,7
DA:5,7
DA:14,7
DA:17,7
DA:28,7
LF:5
LH:5
BRF:0
BRH:0
end_of_record
TN:
SF:app\models\users_test_answers.js
FN:5,(anonymous_0)
FN:12,(anonymous_1)
FNF:2
FNH:2
FNDA:7,(anonymous_0)
FNDA:7,(anonymous_1)
DA:4,7
DA:5,7
DA:15,7
DA:16,7
DA:19,7
DA:27,7
LF:6
LH:6
BRF:0
BRH:0
end_of_record
TN:
SF:app\repositories\addevRepository.js
FN:4,(anonymous_0)
FN:10,(anonymous_1)
FN:16,(anonymous_2)
FN:20,(anonymous_3)
FNF:4
FNH:3
FNDA:15,(anonymous_0)
FNDA:0,(anonymous_1)
FNDA:1,(anonymous_2)
FNDA:1,(anonymous_3)
DA:1,7
DA:3,7
DA:5,15
DA:11,0
DA:17,1
DA:21,1
DA:22,1
LF:7
LH:6
BRF:0
BRH:0
end_of_record
TN:
SF:app\repositories\userRepository.js
FN:4,(anonymous_0)
FN:15,(anonymous_1)
FN:21,(anonymous_2)
FNF:3
FNH:2
FNDA:1,(anonymous_0)
FNDA:0,(anonymous_1)
FNDA:1,(anonymous_2)
DA:1,7
DA:3,7
DA:5,1
DA:6,1
DA:10,0
DA:16,0
DA:22,1
DA:24,1
DA:26,0
LF:9
LH:6
BRF:0
BRH:0
end_of_record
TN:
SF:app\services\addevService.js
FN:4,(anonymous_0)
FN:8,(anonymous_1)
FN:12,(anonymous_2)
FN:16,(anonymous_3)
FNF:4
FNH:3
FNDA:15,(anonymous_0)
FNDA:0,(anonymous_1)
FNDA:1,(anonymous_2)
FNDA:1,(anonymous_3)
DA:1,7
DA:3,7
DA:5,15
DA:9,0
DA:13,1
DA:17,1
DA:18,1
LF:7
LH:6
BRF:0
BRH:0
end_of_record
TN:
SF:app\services\userService.js
FN:4,(anonymous_0)
FN:8,(anonymous_1)
FN:12,(anonymous_2)
FNF:3
FNH:2
FNDA:1,(anonymous_0)
FNDA:0,(anonymous_1)
FNDA:1,(anonymous_2)
DA:1,7
DA:3,7
DA:5,1
DA:9,0
DA:13,1
DA:14,1
LF:6
LH:5
BRF:0
BRH:0
end_of_record
TN:
SF:config\database.js
FNF:0
FNH:0
DA:8,7
DA:9,7
DA:11,7
DA:13,7
DA:15,7
LF:5
LH:5
BRF:0
BRH:0
end_of_record
TN:
SF:config\routes.js
FN:65,(anonymous_0)
FNF:1
FNH:0
FNDA:0,(anonymous_0)
DA:1,7
DA:2,7
DA:3,7
DA:11,7
DA:16,7
DA:21,7
DA:26,7
DA:33,7
DA:43,7
DA:48,7
DA:54,7
DA:65,7
DA:66,0
DA:71,7
DA:72,7
DA:74,7
LF:16
LH:15
BRF:0
BRH:0
end_of_record
